INFO:root:Loading datasets from datasets.json
INFO:root:DatasetHandler loaded 255 datasets at 2015-11-18 22:26:07.995528
DEBUG:root:Analyzing trxj-f8br: 911 ADDRESSING - ADDRESS CHANGES
DEBUG:root:Analyzing 5tye-7ray: Water Quality Sampling Data
DEBUG:root:Analyzing qe89-agqj: Haulers Licensed by City of Austin
DEBUG:root:Analyzing 3237-g9rs: Economic Development Compliance: Active Chapter 380 Agreement Evaluation Criteria
DEBUG:root:Analyzing ergh-7g8p: 2012 APD Crash Fatality Data
DEBUG:root:Analyzing fc48-h8gp: Trust Fund Documents
DEBUG:root:Analyzing wr7f-jdtu: Austin Energy Green Choice Sales
DEBUG:root:Analyzing kyp9-ynfw: Bond Program Spending Summary
DEBUG:root:Analyzing askx-pbnh: 2013: ECAD Multi-Family Energy Audit and EUI Data
DEBUG:root:Analyzing 4gv8-96x2: Municipal Court Caseload Information FY 2013
DEBUG:root:Analyzing gjtj-jt2d: EMS - Incidents by Month
DEBUG:root:Analyzing sswp-u5uh: AustinGO Keyword Search
DEBUG:root:Analyzing rka3-mjzi: 2013: ECAD Commercial Portfolio Manager Reported Data
DEBUG:root:Analyzing ei2n-fehk: APD Incident Extract 2009
DEBUG:root:Analyzing 7j64-2qf8: African American Quality of Life (AAQL) Performance Measures
DEBUG:root:Analyzing gt3n-akq9: The Austin Internet and Global Citizens Project
DEBUG:root:Analyzing uqe6-trgb: Municipal Court Caseload Information FY 2014
DEBUG:root:Analyzing d7k5-jyb8: Draft Imagine Austin Indicators
DEBUG:root:Analyzing 7ti8-tuax: Council Member Tovo Resolutions
DEBUG:root:Analyzing xj3h-ppw2: Beneficiary Demographics Fiscal Year 2010-2011
DEBUG:root:Analyzing 73wi-y5aa: NET Deficiencies (OBSOLETE)
DEBUG:root:Analyzing fb53-k8de: Austin Animal Center FY15 Outcomes *Updated Hourly*
DEBUG:root:Analyzing r6sg-xka2: APD Incident Extract 2008
DEBUG:root:Analyzing 3ghn-wv5a: 2012 Austin Animal Center Intakes
DEBUG:root:Analyzing de95-4khj: Licensed Private Organic and Composting Haulers
DEBUG:root:Analyzing xbbp-8bw7: November Austin Animal Center Outcomes
DEBUG:root:Analyzing a6pm-qynf: Austin Energy System Peak Demand
DEBUG:root:Analyzing yqxj-7evp: City of Austin Public Art Collection
DEBUG:root:Analyzing hjeh-idye: Austin Animal Center FY15 Intakes *Updated Hourly*
DEBUG:root:Analyzing paa2-kvza: Resolutions Summary
DEBUG:root:Analyzing nttt-2a35: Adult and Children Vaccinations Provided
DEBUG:root:Analyzing 6v78-dj3u: Health and Human Services Locations
DEBUG:root:Analyzing kumu-nbtd: 911 Addressing - Street Name Master List
DEBUG:root:Analyzing 64cq-wf5u: Austin Fire Stations
DEBUG:root:Analyzing gr59-ids7: APD Incident Extract 2011
DEBUG:root:Analyzing qwjz-np8k: Creative Content Incentive Program Agreements
DEBUG:root:Analyzing 4c6h-tv2y: APD Incident Extract 2010
DEBUG:root:Analyzing 7neq-k7nf: Economic Development Compliance: Family Business Loans
DEBUG:root:Analyzing tv4x-8thz: Economic Development Compliance: Texas Enterprise Zone Nominations
DEBUG:root:Analyzing 4i8t-nckg: City of Austin Licensed Private Waste Haulers
DEBUG:root:Analyzing pxe3-na7s: Economic Development Compliance: Chapter 380 Agreement Basic Information
DEBUG:root:Analyzing wrwk-skv6: 2011 Animal Intake Report (Cats and Dogs Exclusively)
DEBUG:root:Analyzing 3ebq-e9iz: Purchase Order Quantity Price detail for Commodity/Goods procurements
DEBUG:root:Analyzing x442-h34c: Construction Plans in SMBR's Plan Room
DEBUG:root:Analyzing hek3-kuva: Percent of Short-term Rentals Issued by Census Tract
DEBUG:root:Analyzing e8fp-i3ts: CIVIC Projects List
DEBUG:root:No cachedContents found for column subproject_id
DEBUG:root:No cachedContents found for column subproject_name
DEBUG:root:No cachedContents found for column status_code
DEBUG:root:No cachedContents found for column subproject_type_category
DEBUG:root:No cachedContents found for column sponsor_department
DEBUG:root:No cachedContents found for column subproject_description
DEBUG:root:No cachedContents found for column subproject_manager
DEBUG:root:No cachedContents found for column manager_phone
DEBUG:root:No cachedContents found for column manager_email
DEBUG:root:Analyzing 8c6z-qnmj: Austin Finance Online eCheckbook
DEBUG:root:Analyzing 8jyt-x94k: Municipal Court Caseload Information **Dataset removal in 2 months on September 1, 2014
DEBUG:root:Analyzing i26j-ai4z: 311 Unified Data
DEBUG:root:Analyzing u3yy-shmz: Austintexas.gov - Community Registry - Updated once a Month
DEBUG:root:Analyzing ykw4-j3aj: Declared  Dangerous Dogs
DEBUG:root:Analyzing hut9-4n8t: 3-1-1 Calls And Service Requests
DEBUG:root:Analyzing atrx-cf82: February 2014 Austin Animal Center Total Live Outcome Rates
DEBUG:root:Analyzing 959k-a8yh: Google Analytics for www.austintexas.gov
DEBUG:root:Analyzing g5k8-8sud: Program Budget Operating Budget Vs Expense Raw Data
DEBUG:root:Analyzing p6pb-jvsm: Economic Development Compliance: Chapter 380 Individual Payments and Compliance Reports
DEBUG:root:Analyzing rfif-mmvg: Recycling Schedules
DEBUG:root:Analyzing ec78-i9z5: Watersheds
DEBUG:root:Analyzing h3i4-5e5v: Unclaimed Property
DEBUG:root:Analyzing kz4x-q9k5: Austin Animal Center Stray Map
DEBUG:root:Analyzing 5tx2-pk4n: Bicycle Rack Requests
DEBUG:root:Analyzing 8aah-diw2: Licensed Private Recycling Haulers
DEBUG:root:Analyzing bqav-9x6a: Lobbyists
DEBUG:root:No department information for dataset bqav-9x6a
DEBUG:root:Analyzing 84ih-p28j: Contract Catalog
DEBUG:root:Analyzing ecmv-9xxi: Restaurant Inspection Scores
DEBUG:root:Analyzing b4y9-5x39: APD Incident Extract YTD
DEBUG:root:Analyzing zzix-yxi4: Austin Energy General Fund Transfer
DEBUG:root:Analyzing c69b-fkfx: Municipal Court Caseload Information FY 2010
DEBUG:root:Analyzing 32y8-3gbr: Affordable Housing Inventory
DEBUG:root:Analyzing 7dis-buys: Draft Additional Imagine Austin Indicators
DEBUG:root:Analyzing yrpa-wmth: 2012 Austin Animal Center Outcomes
DEBUG:root:Analyzing 54hu-zyfw: Percent of Short-Term Rentals Issued by Census Tract
DEBUG:root:Analyzing h4as-bnn4: Analytics Austin GO Mobile Views
DEBUG:root:Analyzing 6s5y-evgf: Building a Better Austin: Action Steps
DEBUG:root:Analyzing xaxa-886r: Pool Schedule2015
DEBUG:root:Analyzing vxq2-zjmn: Solar Program Current Incentive Levels and Available Capacity
DEBUG:root:Analyzing uxwx-55kj: Current Small Business Enterprise, SBE, Certfied Vendors
DEBUG:root:Analyzing vk3r-6prc: Watershed Reach Index and Problem Scores
DEBUG:root:Analyzing afwp-v695: Austin Code Complaint Case Events
DEBUG:root:Analyzing utnt-hag5: FY12 Day Labor Placements
DEBUG:root:Analyzing bptg-ndvw: EMS - Ambulance Responses by Month
DEBUG:root:Analyzing dtkn-v97q: Golf Courses in Austin
DEBUG:root:Analyzing gzqu-rstf: Community Connections Program: 100 Gigabit Speed (Google Fiber) Public Facilities
DEBUG:root:Analyzing ig6i-wwx7: EMS - System Response Time
DEBUG:root:Analyzing bcku-z9d8: Austin Police Forensics Quality Records
WARNING:root:In top url for column document_name: no associated url.
        Object: {u'description': u'BT-Administrative License Revocation061009'}
DEBUG:root:Analyzing cusd-m48y: Utility Payment Methods
DEBUG:root:Analyzing jam6-aawd: Austin Animal Center FY14 Intakes
DEBUG:root:Analyzing jbxk-jjnn: Municipal Court Caseload Information FY 2015
DEBUG:root:Analyzing me4f-48mc: 2009-2013: ECAD Residential Energy Audit Data
DEBUG:root:Analyzing 92xm-uf99: Credit Access Businesses
DEBUG:root:Analyzing kidc-knry: Austin Energy Plant Assets
DEBUG:root:Analyzing 42ix-g4e3: AARC Calendar
DEBUG:root:Analyzing 2ds5-jyca: 3-1-1 Call Distribution by Percentage FY 2011
DEBUG:root:Analyzing qzi7-nx8g: Recycle Drop Off Locations
DEBUG:root:Analyzing u8uw-t2sm: Municipal Court Caseload Information FY 2011
DEBUG:root:Analyzing jmp6-p8e2: Austin Police Stations
DEBUG:root:Analyzing 3e38-4hji: Austintexas.gov  - Top 10 Searches
DEBUG:root:Analyzing qmwp-kjjs: 2012 Bond Program Voter Results
DEBUG:root:Analyzing 4us7-37cx: SXSW 2014 Post-Evaluation Survey
DEBUG:root:Analyzing azsy-zee6: Austin Animal Center FY14 Outcomes
DEBUG:root:Analyzing 6wtj-zbtb: Austin Code Complaint Cases
DEBUG:root:Analyzing md9p-6y8z: Municipal Court Caseload Information FY 2012
DEBUG:root:Analyzing ctnk-wvxm: 2-9 to 2-15-14 Austin Animal Center Outcomes
DEBUG:root:Analyzing cibe-gpzy: EMS - Patient Contacts by Month
DEBUG:root:Analyzing dque-zfgd: May 2014 Austin Animal Center Outcomes
DEBUG:root:Analyzing kwy8-mxxs: June 2014 Austin Animal Center Intakes
DEBUG:root:Analyzing v7ft-5zy3: January 2014 Austin Animal Center Live Outcome Rates
DEBUG:root:Analyzing y6ng-5ymj: ACCD :: Discarded Materials – Fiscal Year 2013
DEBUG:root:Analyzing krsq-4num: March 2014 Austin Animal Center Outcomes
DEBUG:root:Analyzing 37zz-93tg: NET Cases
DEBUG:root:No cachedContents found for column folderrsn
DEBUG:root:No cachedContents found for column casenumber
DEBUG:root:No cachedContents found for column date_opened
DEBUG:root:No cachedContents found for column date_closed
DEBUG:root:No cachedContents found for column case_type
DEBUG:root:No cachedContents found for column inspector_name
DEBUG:root:No cachedContents found for column status
DEBUG:root:No cachedContents found for column primary_reported_violation
DEBUG:root:No cachedContents found for column propx
DEBUG:root:No cachedContents found for column propy
DEBUG:root:No cachedContents found for column last_update
DEBUG:root:No cachedContents found for column address
DEBUG:root:No cachedContents found for column longitude
DEBUG:root:No cachedContents found for column latitude
DEBUG:root:No cachedContents found for column location
DEBUG:root:Analyzing 37ft-tmhr: Parkranger 01 2015
DEBUG:root:Analyzing 78b7-3v9t: Austin Public Library display ads
DEBUG:root:Analyzing drnt-j5qy: Sep 2013 Austin Animal Center Outcome Count
DEBUG:root:Analyzing drs6-93kf: AFD Fire Incidents 2013 Thru July20 2015
DEBUG:root:Analyzing krg6-2bs5: Collection Size and Cardholders at the Austin Public Library
DEBUG:root:Analyzing nqv2-nbrj: Aug 2013 Austin Animal Center Outcome Count
DEBUG:root:Analyzing 4sv9-5zm8: Aug 2013 Austin Animal Center Live Outcome Rate
DEBUG:root:Analyzing rtwz-6ypq: February 2014 Austin Animal Center Outcomes
DEBUG:root:Analyzing vs6n-chuq: 2-16 to 2-22-14 Austin Animal Center Outcomes
DEBUG:root:Analyzing 39mp-u93d: Capital Improvement Projects Managed by Public Works (August 2015)
DEBUG:root:Analyzing hcnj-rei3: 2014 Housing Market Analysis Data by Zip Code
DEBUG:root:Analyzing 6m7k-g59q: August 2014 Austin Animal Center Live Outcome Rates
DEBUG:root:Analyzing da96-d4bx: April 2014 Austin Animal Center Live Outcomes
DEBUG:root:Analyzing 8jjf-bejx: September 2014 Austin Animal Center Intake Data
DEBUG:root:Analyzing 9ejy-j7t5: February 2014 Austin Animal Center Intakes
DEBUG:root:Analyzing pzre-m4ee: May 2014 Austin Animal Center Live Outcome Rates
DEBUG:root:Analyzing bw6v-aead: July 2014 Austin Animal Center Outcomes
DEBUG:root:Analyzing ba4t-mrbm: Sep 2013 Austin Animal Center Intake Count
DEBUG:root:Analyzing cqdh-farx: Traffic Count Study Area
DEBUG:root:Analyzing 55ji-8nqx: Austintexas.gov - Social Media Network Referrals
DEBUG:root:Analyzing sbi4-ahzs: ​​​Austin Water - Energy Consumption for All Plants
DEBUG:root:Analyzing kpdv-fdxg: July 2014 Austin Animal Center Monthly Intakes
DEBUG:root:Analyzing 86z9-i27i: Repeat Offender Registrations
DEBUG:root:No cachedContents found for column foldernumber
DEBUG:root:No cachedContents found for column foldersubtype
DEBUG:root:No cachedContents found for column status
DEBUG:root:No cachedContents found for column issuedate
DEBUG:root:No cachedContents found for column expirydate
DEBUG:root:No cachedContents found for column propertyname
DEBUG:root:No cachedContents found for column foldername
DEBUG:root:No cachedContents found for column location_1
DEBUG:root:Analyzing dcfk-vk6w: Google Analytics Sessions on Austintexas.gov
DEBUG:root:Analyzing 2e3p-8zzy: ACCD :: Discarded Materials – Fiscal Year 2014
DEBUG:root:Analyzing 8yfa-b3bq: Austintexas.gov  - Top 50 Pages By Pageviews
DEBUG:root:Analyzing vzty-yezt: Sep 2013 Austin Animal Center Live Outcome Rate
DEBUG:root:Analyzing up99-pfez: January 2014 Austin Animal Center Outcomes
DEBUG:root:Analyzing cr83-wy4q: Wireless Usage at Austin Public Library
DEBUG:root:Analyzing cu49-7a5a: April 2014 Austin Animal Center Intakes
DEBUG:root:Analyzing 7kz2-qyez: March 2014 Austin Animal Center Live Outcome Rates
DEBUG:root:Analyzing 8qty-vat2: Open Data Initiative Progress Report - Participation Sprint
DEBUG:root:Analyzing k4zx-bu88: January 2014 Austin Animal Center Intakes
DEBUG:root:Analyzing tb3x-mddn: June 2014 Austin Animal Center Live Outcome Rates
DEBUG:root:Analyzing 7xxy-upkf: July 2014 Austin Animal Center Live Outcome Rates
DEBUG:root:Analyzing t9gx-rxwg: Water Quality Sampling Locations
DEBUG:root:Analyzing 7it9-7pjx: December 2013 Live Outcomes
DEBUG:root:Analyzing fr2x-kbjs: Repeat Offender List
DEBUG:root:Analyzing aqaz-cxjw: Social Media - Top Commenters
DEBUG:root:Analyzing ykzu-pxxq: FY13 Day Labor Placements
DEBUG:root:Analyzing 8pvq-5pcm: November Austin Animal Center Intakes
DEBUG:root:Analyzing 74y5-wjkf: Oct 2013 Austin Animal Center Live Outcome Rate
DEBUG:root:Analyzing 567b-4d24: Austin Finance Online eCheckbook Column Definitions
DEBUG:root:Analyzing ydem-x7j5: Aug 2013 Austin Animal Center Intake Count
DEBUG:root:Analyzing 8uvp-rwpt: Utlity Contact Center Call Distribution For FY2011
DEBUG:root:Analyzing db24-fcaw: 2-16 to 2-22-14 Austin Animal Center Intakes
DEBUG:root:Analyzing tsum-aa7v: FY14 Day Labor Placements
DEBUG:root:Analyzing 8ruh-ty5d: November Austin Animal Center Live Outcome Rate
DEBUG:root:Analyzing yj9d-ajag: Utility Contact Center Average Speed For Answering Calls
DEBUG:root:Analyzing 2k49-v9jb: NET Complaint Cases (Dev Version)
DEBUG:root:Analyzing x64f-gjq4: 2015 Spring Festival Applications
DEBUG:root:Analyzing ps5c-8d86: Oct 2013 Austin Animal Center Intake Count
DEBUG:root:Analyzing eg8t-399m: Oct 2013 Austin Animal Center Outcome Count
DEBUG:root:Analyzing tc36-hn4j: Austin Public Library Locations
DEBUG:root:Analyzing ej42-f7za: City of Austin Social Media Analysis
DEBUG:root:Analyzing yfqx-zefp: EMS - Travis County ILA - Emergency Response - On Time Rate - City and County
DEBUG:root:Analyzing m9jn-qzir: FY11 Day Labor Placements
DEBUG:root:Analyzing vwcu-h3qu: Utility Contact Center Calls Answered
DEBUG:root:Analyzing 876d-75ye: Austin Parks and Recreation Golf Clinics
DEBUG:root:Analyzing sute-ma6h: Austin GO VIews From Different Browsers
DEBUG:root:Analyzing c9gq-k8de: FY 2016 Proposed Operating Budget Expenditures – Line Item Detail
DEBUG:root:Analyzing us2y-viyp: Grow Green Participant Locations
DEBUG:root:Analyzing rd5n-3pmq: Golf Location
DEBUG:root:Analyzing pdfd-8tju: Battery Drop Off Locations
DEBUG:root:Analyzing p9ma-z6y9: ACCD :: Event Listings – Current Calendar Year
DEBUG:root:Analyzing itfg-ism7: June 2014 Austin Animal Center Outcomes
DEBUG:root:Analyzing 692b-xsit: Concentrations of Protected Classes from Analysis of Impediments
DEBUG:root:Analyzing rbfq-6fgu: September 2014 Austin Animal Center Live Outcome Rate Data
DEBUG:root:Analyzing gyhm-zak6: EMS Patient Transport Rate  City And County Combined
DEBUG:root:Analyzing wxwa-v96x: EMS Incidents City And County Stratified
DEBUG:root:Analyzing 7i7c-96kx: EMS Responses In City And County Combined
DEBUG:root:Analyzing sxk7-7k6z: Austin Water - Residential Water Consumption
DEBUG:root:Analyzing ndjh-4ukq: EMS Responses By City Units Into County
DEBUG:root:Analyzing ewqz-mrzs: Bond Ratings
DEBUG:root:Analyzing ekzc-6qg9: Heat Rate
DEBUG:root:Analyzing w8rr-4qky: City of Austin Lawsuit Settlements
DEBUG:root:Analyzing 2b2e-w4kf: Budget Billing
DEBUG:root:Analyzing 6v99-vnq3: Austin Water - Wastewater Service Connection Count By Zip Code
DEBUG:root:Analyzing uizf-mcbc: Austin Water - Water Service Connection Count By Zip Code
DEBUG:root:Analyzing wfm8-s7zc: Austin Water - Gallons of Water Pumped per Capita
DEBUG:root:Analyzing vuwy-s6qv: Austin Water - Gallons of Wastewater Treated
DEBUG:root:Analyzing 5h9c-wmds: Austin Water - Commercial Water Consumption
DEBUG:root:Analyzing erps-465e: Austin Energy Operating Budget
DEBUG:root:Analyzing 6zan-sbz2: Bad Debt Expense
DEBUG:root:Analyzing jhra-82n2: ARR Household Hazardous Waste Monthly Materials Collection Weight Report
DEBUG:root:Analyzing hetr-8wqd: Carbon Intensity
DEBUG:root:Analyzing 84hw-edzm: EMS On- Time Rate  Travis County
DEBUG:root:Analyzing qf6q-sssu: EMS Responses Stratified By City And County
DEBUG:root:Analyzing e2k6-2zqs: EMS   On- Time Rate  City Of Austin
DEBUG:root:Analyzing pbam-er2r: Austin Water - List of Active Liquid Waste Haulers
DEBUG:root:Analyzing cje8-pznp: ARR Household Hazardous Waste Totals Comparison of Fiscal Years 2010-2015
DEBUG:root:Analyzing c7z7-zp6h: 2015-08-15 Austin Sustainability Indicators
DEBUG:root:Analyzing cvnz-fq2z: Bike Fix It
DEBUG:root:Analyzing a2zj-3chk: Cemeteries Location
DEBUG:root:Analyzing 9w5t-cuk2: Austin Animal Center FY15 Q1 Intakes
DEBUG:root:Analyzing wtyt-mpzf: April 2014 Austin Animal Center Outcomes
DEBUG:root:Analyzing 67kt-ykxh: Airport Monthly Operational Report
DEBUG:root:Analyzing xp28-5kft: 2014 Austin Digital Assessment Individual Responses
DEBUG:root:Analyzing 9e5g-zqyt: Plus 1 Funding Source
DEBUG:root:Analyzing f4c7-5ivu: Kirwan Institute Opportunity Map Data
DEBUG:root:Analyzing 5j2i-tq4k: COA FUEL BY DEPARTMENT
DEBUG:root:Analyzing wzdb-642v: CY14 AFD Standard Of Coverage By RAP
DEBUG:root:Analyzing nw7z-k49b: EMS Responses By County Units Into City
DEBUG:root:Analyzing w635-mmjr: EOC Activations - City Open Data   HSEM
DEBUG:root:Analyzing 3maj-7ecz: Travis County Community-wide Greenhouse Gas Emissions Inventory
DEBUG:root:Analyzing mg7a-uqpj: EMS Percent County Responses By City Units
DEBUG:root:Analyzing 9xdm-yhmb: Austin Energy Customer Data by Customer Class
DEBUG:root:Analyzing jmuq-5usm: COA INFO BY CLASS
DEBUG:root:Analyzing f6gm-a8j6: COA ODP FUELBYTYPE
DEBUG:root:Analyzing xf72-sbj4: Austin Digital Assessment - Aggregated Responses by Geography
DEBUG:root:Analyzing fytz-zuei: Event Waivers
DEBUG:root:Analyzing e2a3-3mi6: September 2014 Austin Animal Center Outcome Data
DEBUG:root:Analyzing acyh-8suc: Municipal Carbon Footprint
DEBUG:root:Analyzing 3tiy-6kg3: Claim Settlements for City of Austin
DEBUG:root:Analyzing nw8s-p3bj: Digital Inclusion Organization Inventory
DEBUG:root:Analyzing x4vz-3xdy: Airport Annual Performance Measures
DEBUG:root:Analyzing eyec-w6nz: Austin Water - Registered Water Services Technicians
DEBUG:root:Analyzing p4pj-6q8i: NET Deficiencies
DEBUG:root:No cachedContents found for column folderrsn
DEBUG:root:No cachedContents found for column casenumber
DEBUG:root:No cachedContents found for column date_opened
DEBUG:root:No cachedContents found for column case_type
DEBUG:root:No cachedContents found for column status
DEBUG:root:No cachedContents found for column primary_reported_violation
DEBUG:root:No cachedContents found for column propx
DEBUG:root:No cachedContents found for column propy
DEBUG:root:No cachedContents found for column categorydesc
DEBUG:root:No cachedContents found for column address
DEBUG:root:No cachedContents found for column longitude
DEBUG:root:No cachedContents found for column latitude
DEBUG:root:No cachedContents found for column location
DEBUG:root:Analyzing 3gcv-xuei: Sales – kWh by Customer Class
DEBUG:root:Analyzing jji9-e2m5: AFD Fire Stations
DEBUG:root:Analyzing vyev-yeag: COA FUEL BY ICMA  Class
DEBUG:root:Analyzing bf4p-asz5: EMS Patient Contacts Per Month City And County
DEBUG:root:Analyzing btjx-7fri: Total Work Orders Requested and Completed by Trade
DEBUG:root:Analyzing dvu8-ztdx: Airport Quarterly Passenger Survey
DEBUG:root:Analyzing m4wb-q5fa: Austin Water - Gallons of Water and Wastewater Treated
DEBUG:root:Analyzing m87q-f83v: Zilker Botanical Garden Sept-Nov 2015 events
DEBUG:root:Analyzing xtim-9ehs: Austin Water - Gallons of Water Treated
DEBUG:root:Analyzing ubs4-99wr: August 2014 Austin Animal Center Outcomes Data
DEBUG:root:Analyzing 4cd2-vr8x: What' s Hot
DEBUG:root:Analyzing 98zg-jkqu: COA INFO BY MAKE AND MODEL
DEBUG:root:Analyzing 7pv3-htyn: EPA Energy Star Portfolio Manager Score
DEBUG:root:Analyzing vsbg-t3e9: City of Austin Performance Measures
DEBUG:root:Analyzing un2z-dfva: Scheduled vs Unscheduled Maintenance
DEBUG:root:Analyzing k5hp-eece: Electric Vehicle Charging Network
DEBUG:root:Analyzing 6tpg-refg: Brownfield Site List
DEBUG:root:Analyzing qyb8-tmu7: August 2014 Austin Animal Center Intakes Data
DEBUG:root:Analyzing qunj-fzvx: Austin Public Library Social Media Presence
DEBUG:root:Analyzing 2cgz-29c8: Austin's Small Scale Green Infrastructure
DEBUG:root:Analyzing ux64-t7is: Austin Water - Active Permitted Industrial Users
DEBUG:root:Analyzing 8spj-utxs: Single Member Council Districts
DEBUG:root:No department information for dataset 8spj-utxs
DEBUG:root:No cachedContents found for column _feature_id
DEBUG:root:No cachedContents found for column _feature_id_string
DEBUG:root:No cachedContents found for column the_geom
DEBUG:root:No cachedContents found for column objectid
DEBUG:root:No cachedContents found for column district_n
DEBUG:root:No cachedContents found for column district_1
DEBUG:root:No cachedContents found for column area
DEBUG:root:No cachedContents found for column perimeter
DEBUG:root:No cachedContents found for column compactnes
DEBUG:root:No cachedContents found for column population
DEBUG:root:No cachedContents found for column voting_age
DEBUG:root:No cachedContents found for column analysis1
DEBUG:root:No cachedContents found for column analysis2
DEBUG:root:No cachedContents found for column analysis3
DEBUG:root:No cachedContents found for column rgb
DEBUG:root:No cachedContents found for column countyspli
DEBUG:root:No cachedContents found for column precinctsp
DEBUG:root:No cachedContents found for column remainingb
DEBUG:root:No cachedContents found for column totalblock
DEBUG:root:No cachedContents found for column locked
DEBUG:root:No cachedContents found for column lockedby
DEBUG:root:No cachedContents found for column labelvalue
DEBUG:root:No cachedContents found for column originlaye
DEBUG:root:No cachedContents found for column originstfi
DEBUG:root:No cachedContents found for column originla_1
DEBUG:root:No cachedContents found for column timedate
DEBUG:root:No cachedContents found for column sid
DEBUG:root:No cachedContents found for column shape_leng
DEBUG:root:No cachedContents found for column edcode
DEBUG:root:No cachedContents found for column fedname
DEBUG:root:No cachedContents found for column shape_area
DEBUG:root:No cachedContents found for column shape_len
DEBUG:root:Analyzing ad4p-xsn6: Plus 1 Fund
DEBUG:root:Analyzing ydgr-49yp: EMS Overall On- Time Rate -- Combined City And County
DEBUG:root:Analyzing drfs-g7hw: FY14 HSEM Response Time - Open Data
DEBUG:root:Analyzing e7fj-wxvd: Power Supply Adjustment/Fuel Charge
DEBUG:root:Analyzing 8ih9-dnxa: Austin Water - Dillo Dirt Vendors
